# JRE version: OpenJDK Runtime Environment (8.0_121-b13) (build 1.8.0_121-8u121-b13-0ubuntu1.16.04.2-b13)
# Java VM: OpenJDK 64-Bit Server VM (25.121-b13 mixed mode linux-amd64 compressed oops)
Heap:
 PSYoungGen      total 672256K, used 103608K [0x00000000d6f00000, 0x0000000100000000, 0x0000000100000000)
  eden space 671744K, 15% used [0x00000000d6f00000,0x00000000dd40e0f0,0x00000000fff00000)
  from space 512K, 25% used [0x00000000fff80000,0x00000000fffa0000,0x0000000100000000)
  to   space 512K, 0% used [0x00000000fff00000,0x00000000fff00000,0x00000000fff80000)
 ParOldGen       total 240640K, used 90784K [0x0000000084c00000, 0x0000000093700000, 0x00000000d6f00000)
  object space 240640K, 37% used [0x0000000084c00000,0x000000008a4a8110,0x0000000093700000)
 Metaspace       used 42977K, capacity 56416K, committed 71768K, reserved 1099776K
  class space    used 11211K, capacity 16986K, committed 22104K, reserved 1048576K
GC Heap History (10 events):
Event: 8702,183 GC heap before
{Heap before GC invocations=1676 (full 4):
 PSYoungGen      total 672256K, used 671808K [0x00000000d6f00000, 0x0000000100000000, 0x0000000100000000)
  eden space 671744K, 100% used [0x00000000d6f00000,0x00000000fff00000,0x00000000fff00000)
  from space 512K, 12% used [0x00000000fff00000,0x00000000fff10000,0x00000000fff80000)
  to   space 512K, 0% used [0x00000000fff80000,0x00000000fff80000,0x0000000100000000)
 ParOldGen       total 240640K, used 90736K [0x0000000084c00000, 0x0000000093700000, 0x00000000d6f00000)
  object space 240640K, 37% used [0x0000000084c00000,0x000000008a49c110,0x0000000093700000)
 Metaspace       used 42946K, capacity 56416K, committed 71768K, reserved 1099776K
  class space    used 11208K, capacity 16986K, committed 22104K, reserved 1048576K
Event: 8702,188 GC heap after
Heap after GC invocations=1676 (full 4):
 PSYoungGen      total 672256K, used 96K [0x00000000d6f00000, 0x0000000100000000, 0x0000000100000000)
  eden space 671744K, 0% used [0x00000000d6f00000,0x00000000d6f00000,0x00000000fff00000)
  from space 512K, 18% used [0x00000000fff80000,0x00000000fff98000,0x0000000100000000)
  to   space 512K, 0% used [0x00000000fff00000,0x00000000fff00000,0x00000000fff80000)
 ParOldGen       total 240640K, used 90752K [0x0000000084c00000, 0x0000000093700000, 0x00000000d6f00000)
  object space 240640K, 37% used [0x0000000084c00000,0x000000008a4a0110,0x0000000093700000)
 Metaspace       used 42946K, capacity 56416K, committed 71768K, reserved 1099776K
  class space    used 11208K, capacity 16986K, committed 22104K, reserved 1048576K
}
Event: 8705,043 GC heap before
{Heap before GC invocations=1677 (full 4):
 PSYoungGen      total 672256K, used 671840K [0x00000000d6f00000, 0x0000000100000000, 0x0000000100000000)
  eden space 671744K, 100% used [0x00000000d6f00000,0x00000000fff00000,0x00000000fff00000)
  from space 512K, 18% used [0x00000000fff80000,0x00000000fff98000,0x0000000100000000)
  to   space 512K, 0% used [0x00000000fff00000,0x00000000fff00000,0x00000000fff80000)
 ParOldGen       total 240640K, used 90752K [0x0000000084c00000, 0x0000000093700000, 0x00000000d6f00000)
  object space 240640K, 37% used [0x0000000084c00000,0x000000008a4a0110,0x0000000093700000)
 Metaspace       used 42946K, capacity 56416K, committed 71768K, reserved 1099776K
  class space    used 11208K, capacity 16986K, committed 22104K, reserved 1048576K
Event: 8705,048 GC heap after
Heap after GC invocations=1677 (full 4):
 PSYoungGen      total 672256K, used 127K [0x00000000d6f00000, 0x0000000100000000, 0x0000000100000000)
  eden space 671744K, 0% used [0x00000000d6f00000,0x00000000d6f00000,0x00000000fff00000)
  from space 512K, 24% used [0x00000000fff00000,0x00000000fff1fd10,0x00000000fff80000)
  to   space 512K, 0% used [0x00000000fff80000,0x00000000fff80000,0x0000000100000000)
 ParOldGen       total 240640K, used 90760K [0x0000000084c00000, 0x0000000093700000, 0x00000000d6f00000)
  object space 240640K, 37% used [0x0000000084c00000,0x000000008a4a2110,0x0000000093700000)
 Metaspace       used 42946K, capacity 56416K, committed 71768K, reserved 1099776K
  class space    used 11208K, capacity 16986K, committed 22104K, reserved 1048576K
}
Event: 8708,039 GC heap before
{Heap before GC invocations=1678 (full 4):
 PSYoungGen      total 672256K, used 671871K [0x00000000d6f00000, 0x0000000100000000, 0x0000000100000000)
  eden space 671744K, 100% used [0x00000000d6f00000,0x00000000fff00000,0x00000000fff00000)
  from space 512K, 24% used [0x00000000fff00000,0x00000000fff1fd10,0x00000000fff80000)
  to   space 512K, 0% used [0x00000000fff80000,0x00000000fff80000,0x0000000100000000)
 ParOldGen       total 240640K, used 90760K [0x0000000084c00000, 0x0000000093700000, 0x00000000d6f00000)
  object space 240640K, 37% used [0x0000000084c00000,0x000000008a4a2110,0x0000000093700000)
 Metaspace       used 42946K, capacity 56416K, committed 71768K, reserved 1099776K
  class space    used 11208K, capacity 16986K, committed 22104K, reserved 1048576K
Event: 8708,044 GC heap after
Heap after GC invocations=1678 (full 4):
 PSYoungGen      total 672256K, used 190K [0x00000000d6f00000, 0x0000000100000000, 0x0000000100000000)
  eden space 671744K, 0% used [0x00000000d6f00000,0x00000000d6f00000,0x00000000fff00000)
  from space 512K, 37% used [0x00000000fff80000,0x00000000fffafa28,0x0000000100000000)
  to   space 512K, 0% used [0x00000000fff00000,0x00000000fff00000,0x00000000fff80000)
 ParOldGen       total 240640K, used 90768K [0x0000000084c00000, 0x0000000093700000, 0x00000000d6f00000)
  object space 240640K, 37% used [0x0000000084c00000,0x000000008a4a4110,0x0000000093700000)
 Metaspace       used 42946K, capacity 56416K, committed 71768K, reserved 1099776K
  class space    used 11208K, capacity 16986K, committed 22104K, reserved 1048576K
}
Event: 8710,940 GC heap before
{Heap before GC invocations=1679 (full 4):
 PSYoungGen      total 672256K, used 671934K [0x00000000d6f00000, 0x0000000100000000, 0x0000000100000000)
  eden space 671744K, 100% used [0x00000000d6f00000,0x00000000fff00000,0x00000000fff00000)
  from space 512K, 37% used [0x00000000fff80000,0x00000000fffafa28,0x0000000100000000)
  to   space 512K, 0% used [0x00000000fff00000,0x00000000fff00000,0x00000000fff80000)
 ParOldGen       total 240640K, used 90768K [0x0000000084c00000, 0x0000000093700000, 0x00000000d6f00000)
  object space 240640K, 37% used [0x0000000084c00000,0x000000008a4a4110,0x0000000093700000)
 Metaspace       used 42946K, capacity 56416K, committed 71768K, reserved 1099776K
  class space    used 11208K, capacity 16986K, committed 22104K, reserved 1048576K
Event: 8710,945 GC heap after
Heap after GC invocations=1679 (full 4):
 PSYoungGen      total 672256K, used 127K [0x00000000d6f00000, 0x0000000100000000, 0x0000000100000000)
  eden space 671744K, 0% used [0x00000000d6f00000,0x00000000d6f00000,0x00000000fff00000)
  from space 512K, 24% used [0x00000000fff00000,0x00000000fff1fd10,0x00000000fff80000)
  to   space 512K, 0% used [0x00000000fff80000,0x00000000fff80000,0x0000000100000000)
 ParOldGen       total 240640K, used 90784K [0x0000000084c00000, 0x0000000093700000, 0x00000000d6f00000)
  object space 240640K, 37% used [0x0000000084c00000,0x000000008a4a8110,0x0000000093700000)
 Metaspace       used 42946K, capacity 56416K, committed 71768K, reserved 1099776K
  class space    used 11208K, capacity 16986K, committed 22104K, reserved 1048576K
}
Event: 8713,844 GC heap before
{Heap before GC invocations=1680 (full 4):
 PSYoungGen      total 672256K, used 671871K [0x00000000d6f00000, 0x0000000100000000, 0x0000000100000000)
  eden space 671744K, 100% used [0x00000000d6f00000,0x00000000fff00000,0x00000000fff00000)
  from space 512K, 24% used [0x00000000fff00000,0x00000000fff1fd10,0x00000000fff80000)
  to   space 512K, 0% used [0x00000000fff80000,0x00000000fff80000,0x0000000100000000)
 ParOldGen       total 240640K, used 90784K [0x0000000084c00000, 0x0000000093700000, 0x00000000d6f00000)
  object space 240640K, 37% used [0x0000000084c00000,0x000000008a4a8110,0x0000000093700000)
 Metaspace       used 42946K, capacity 56416K, committed 71768K, reserved 1099776K
  class space    used 11208K, capacity 16986K, committed 22104K, reserved 1048576K
Event: 8713,849 GC heap after
Heap after GC invocations=1680 (full 4):
 PSYoungGen      total 672256K, used 128K [0x00000000d6f00000, 0x0000000100000000, 0x0000000100000000)
  eden space 671744K, 0% used [0x00000000d6f00000,0x00000000d6f00000,0x00000000fff00000)
  from space 512K, 25% used [0x00000000fff80000,0x00000000fffa0000,0x0000000100000000)
  to   space 512K, 0% used [0x00000000fff00000,0x00000000fff00000,0x00000000fff80000)
 ParOldGen       total 240640K, used 90784K [0x0000000084c00000, 0x0000000093700000, 0x00000000d6f00000)
  object space 240640K, 37% used [0x0000000084c00000,0x000000008a4a8110,0x0000000093700000)
 Metaspace       used 42946K, capacity 56416K, committed 71768K, reserved 1099776K
  class space    used 11208K, capacity 16986K, committed 22104K, reserved 1048576K
}

