# JRE version: OpenJDK Runtime Environment (8.0_121-b13) (build 1.8.0_121-8u121-b13-0ubuntu1.16.04.2-b13)
# Java VM: OpenJDK 64-Bit Server VM (25.121-b13 mixed mode linux-amd64 compressed oops)
Heap:
 PSYoungGen      total 640000K, used 176696K [0x00000000d6f00000, 0x00000000ffe80000, 0x0000000100000000)
  eden space 607232K, 26% used [0x00000000d6f00000,0x00000000e0c08e40,0x00000000fc000000)
  from space 32768K, 48% used [0x00000000fc000000,0x00000000fcf85508,0x00000000fe000000)
  to   space 31232K, 0% used [0x00000000fe000000,0x00000000fe000000,0x00000000ffe80000)
 ParOldGen       total 147456K, used 39083K [0x0000000084c00000, 0x000000008dc00000, 0x00000000d6f00000)
  object space 147456K, 26% used [0x0000000084c00000,0x000000008722afb8,0x000000008dc00000)
 Metaspace       used 45456K, capacity 61424K, committed 61592K, reserved 1091584K
  class space    used 12281K, capacity 18811K, committed 18856K, reserved 1048576K
GC Heap History (10 events):
Event: 242,008 GC heap before
{Heap before GC invocations=36 (full 3):
 PSYoungGen      total 647680K, used 644166K [0x00000000d6f00000, 0x0000000100000000, 0x0000000100000000)
  eden space 625664K, 100% used [0x00000000d6f00000,0x00000000fd200000,0x00000000fd200000)
  from space 22016K, 84% used [0x00000000fea80000,0x00000000ffc91ad0,0x0000000100000000)
  to   space 23552K, 0% used [0x00000000fd200000,0x00000000fd200000,0x00000000fe900000)
 ParOldGen       total 147456K, used 36163K [0x0000000084c00000, 0x000000008dc00000, 0x00000000d6f00000)
  object space 147456K, 24% used [0x0000000084c00000,0x0000000086f50fb8,0x000000008dc00000)
 Metaspace       used 45164K, capacity 61014K, committed 61208K, reserved 1091584K
  class space    used 12181K, capacity 18677K, committed 18728K, reserved 1048576K
Event: 242,067 GC heap after
Heap after GC invocations=36 (full 3):
 PSYoungGen      total 649216K, used 23529K [0x00000000d6f00000, 0x0000000100000000, 0x0000000100000000)
  eden space 625664K, 0% used [0x00000000d6f00000,0x00000000d6f00000,0x00000000fd200000)
  from space 23552K, 99% used [0x00000000fd200000,0x00000000fe8fa4c0,0x00000000fe900000)
  to   space 23552K, 0% used [0x00000000fe900000,0x00000000fe900000,0x0000000100000000)
 ParOldGen       total 147456K, used 38931K [0x0000000084c00000, 0x000000008dc00000, 0x00000000d6f00000)
  object space 147456K, 26% used [0x0000000084c00000,0x0000000087204fb8,0x000000008dc00000)
 Metaspace       used 45164K, capacity 61014K, committed 61208K, reserved 1091584K
  class space    used 12181K, capacity 18677K, committed 18728K, reserved 1048576K
}
Event: 244,728 GC heap before
{Heap before GC invocations=37 (full 3):
 PSYoungGen      total 649216K, used 649193K [0x00000000d6f00000, 0x0000000100000000, 0x0000000100000000)
  eden space 625664K, 100% used [0x00000000d6f00000,0x00000000fd200000,0x00000000fd200000)
  from space 23552K, 99% used [0x00000000fd200000,0x00000000fe8fa4c0,0x00000000fe900000)
  to   space 23552K, 0% used [0x00000000fe900000,0x00000000fe900000,0x0000000100000000)
 ParOldGen       total 147456K, used 38931K [0x0000000084c00000, 0x000000008dc00000, 0x00000000d6f00000)
  object space 147456K, 26% used [0x0000000084c00000,0x0000000087204fb8,0x000000008dc00000)
 Metaspace       used 45167K, capacity 61014K, committed 61208K, reserved 1091584K
  class space    used 12181K, capacity 18677K, committed 18728K, reserved 1048576K
Event: 244,764 GC heap after
Heap after GC invocations=37 (full 3):
 PSYoungGen      total 634880K, used 23527K [0x00000000d6f00000, 0x0000000100000000, 0x0000000100000000)
  eden space 611328K, 0% used [0x00000000d6f00000,0x00000000d6f00000,0x00000000fc400000)
  from space 23552K, 99% used [0x00000000fe900000,0x00000000ffff9ee8,0x0000000100000000)
  to   space 30720K, 0% used [0x00000000fc400000,0x00000000fc400000,0x00000000fe200000)
 ParOldGen       total 147456K, used 39067K [0x0000000084c00000, 0x000000008dc00000, 0x00000000d6f00000)
  object space 147456K, 26% used [0x0000000084c00000,0x0000000087226fb8,0x000000008dc00000)
 Metaspace       used 45167K, capacity 61014K, committed 61208K, reserved 1091584K
  class space    used 12181K, capacity 18677K, committed 18728K, reserved 1048576K
}
Event: 247,490 GC heap before
{Heap before GC invocations=38 (full 3):
 PSYoungGen      total 634880K, used 634855K [0x00000000d6f00000, 0x0000000100000000, 0x0000000100000000)
  eden space 611328K, 100% used [0x00000000d6f00000,0x00000000fc400000,0x00000000fc400000)
  from space 23552K, 99% used [0x00000000fe900000,0x00000000ffff9ee8,0x0000000100000000)
  to   space 30720K, 0% used [0x00000000fc400000,0x00000000fc400000,0x00000000fe200000)
 ParOldGen       total 147456K, used 39067K [0x0000000084c00000, 0x000000008dc00000, 0x00000000d6f00000)
  object space 147456K, 26% used [0x0000000084c00000,0x0000000087226fb8,0x000000008dc00000)
 Metaspace       used 45167K, capacity 61014K, committed 61208K, reserved 1091584K
  class space    used 12181K, capacity 18677K, committed 18728K, reserved 1048576K
Event: 247,522 GC heap after
Heap after GC invocations=38 (full 3):
 PSYoungGen      total 631296K, used 19653K [0x00000000d6f00000, 0x0000000100000000, 0x0000000100000000)
  eden space 611328K, 0% used [0x00000000d6f00000,0x00000000d6f00000,0x00000000fc400000)
  from space 19968K, 98% used [0x00000000fc400000,0x00000000fd7315d8,0x00000000fd780000)
  to   space 31232K, 0% used [0x00000000fe180000,0x00000000fe180000,0x0000000100000000)
 ParOldGen       total 147456K, used 39075K [0x0000000084c00000, 0x000000008dc00000, 0x00000000d6f00000)
  object space 147456K, 26% used [0x0000000084c00000,0x0000000087228fb8,0x000000008dc00000)
 Metaspace       used 45167K, capacity 61014K, committed 61208K, reserved 1091584K
  class space    used 12181K, capacity 18677K, committed 18728K, reserved 1048576K
}
Event: 250,257 GC heap before
{Heap before GC invocations=39 (full 3):
 PSYoungGen      total 631296K, used 630981K [0x00000000d6f00000, 0x0000000100000000, 0x0000000100000000)
  eden space 611328K, 100% used [0x00000000d6f00000,0x00000000fc400000,0x00000000fc400000)
  from space 19968K, 98% used [0x00000000fc400000,0x00000000fd7315d8,0x00000000fd780000)
  to   space 31232K, 0% used [0x00000000fe180000,0x00000000fe180000,0x0000000100000000)
 ParOldGen       total 147456K, used 39075K [0x0000000084c00000, 0x000000008dc00000, 0x00000000d6f00000)
  object space 147456K, 26% used [0x0000000084c00000,0x0000000087228fb8,0x000000008dc00000)
 Metaspace       used 45167K, capacity 61014K, committed 61208K, reserved 1091584K
  class space    used 12181K, capacity 18677K, committed 18728K, reserved 1048576K
Event: 250,290 GC heap after
Heap after GC invocations=39 (full 3):
 PSYoungGen      total 638464K, used 23591K [0x00000000d6f00000, 0x0000000100000000, 0x0000000100000000)
  eden space 607232K, 0% used [0x00000000d6f00000,0x00000000d6f00000,0x00000000fc000000)
  from space 31232K, 75% used [0x00000000fe180000,0x00000000ff889ee8,0x0000000100000000)
  to   space 32768K, 0% used [0x00000000fc000000,0x00000000fc000000,0x00000000fe000000)
 ParOldGen       total 147456K, used 39075K [0x0000000084c00000, 0x000000008dc00000, 0x00000000d6f00000)
  object space 147456K, 26% used [0x0000000084c00000,0x0000000087228fb8,0x000000008dc00000)
 Metaspace       used 45167K, capacity 61014K, committed 61208K, reserved 1091584K
  class space    used 12181K, capacity 18677K, committed 18728K, reserved 1048576K
}
Event: 336,001 GC heap before
{Heap before GC invocations=40 (full 3):
 PSYoungGen      total 638464K, used 630823K [0x00000000d6f00000, 0x0000000100000000, 0x0000000100000000)
  eden space 607232K, 100% used [0x00000000d6f00000,0x00000000fc000000,0x00000000fc000000)
  from space 31232K, 75% used [0x00000000fe180000,0x00000000ff889ee8,0x0000000100000000)
  to   space 32768K, 0% used [0x00000000fc000000,0x00000000fc000000,0x00000000fe000000)
 ParOldGen       total 147456K, used 39075K [0x0000000084c00000, 0x000000008dc00000, 0x00000000d6f00000)
  object space 147456K, 26% used [0x0000000084c00000,0x0000000087228fb8,0x000000008dc00000)
 Metaspace       used 45356K, capacity 61290K, committed 61592K, reserved 1091584K
  class space    used 12248K, capacity 18769K, committed 18856K, reserved 1048576K
Event: 336,052 GC heap after
Heap after GC invocations=40 (full 3):
 PSYoungGen      total 640000K, used 15893K [0x00000000d6f00000, 0x00000000ffe80000, 0x0000000100000000)
  eden space 607232K, 0% used [0x00000000d6f00000,0x00000000d6f00000,0x00000000fc000000)
  from space 32768K, 48% used [0x00000000fc000000,0x00000000fcf85508,0x00000000fe000000)
  to   space 31232K, 0% used [0x00000000fe000000,0x00000000fe000000,0x00000000ffe80000)
 ParOldGen       total 147456K, used 39083K [0x0000000084c00000, 0x000000008dc00000, 0x00000000d6f00000)
  object space 147456K, 26% used [0x0000000084c00000,0x000000008722afb8,0x000000008dc00000)
 Metaspace       used 45356K, capacity 61290K, committed 61592K, reserved 1091584K
  class space    used 12248K, capacity 18769K, committed 18856K, reserved 1048576K
}

